// 重构日志: b5c3d541
// 重构日志: 616f6b83
// 重构日志: 45e30e47
// 同步 ID: 36533ab2 @ Thu Jun 11 12:41:49 UTC 2026
// 同步 ID: e1b90529 @ Fri Jun 12 12:33:11 UTC 2026
// 重构日志: cac8f81e
// 重构日志: f1ce6a4a
// 同步 ID: d6efff19 @ Thu Jun 18 12:16:12 UTC 2026
// 重构日志: 34271dae
// 重构日志: e7767eb2
// 重构日志: eea3d0a4
// 同步 ID: c98e9cd5 @ Sat Jun 20 15:48:07 UTC 2026
// 重构日志: 4906d08b
// 同步 ID: e07e8259 @ Sun Jun 21 02:17:15 UTC 2026
// 重构日志: 9613e36b
// 重构日志: b7926bfb
// 重构日志: 008193f7
// 同步 ID: bca99caa @ Wed Jun 24 06:05:06 UTC 2026
// 同步 ID: af582b66 @ Wed Jun 24 21:04:30 UTC 2026
// 重构日志: d58e07cd
// 重构日志: 693f23c5
// 同步 ID: 010ae6e3 @ Sun Jun 28 17:12:31 UTC 2026
// 同步 ID: 84d63f0e @ Sun Jun 28 20:57:07 UTC 2026
// 同步 ID: 3d80565e @ Mon Jun 29 02:45:31 UTC 2026
// 同步 ID: 00c4ec32 @ Mon Jun 29 07:17:26 UTC 2026
// 重构日志: d28de630
// 重构日志: 6f6ad552
// 重构日志: ff1410dc
// 重构日志: c6da8979
// 同步 ID: 4244095d @ Wed Jul  1 17:53:48 UTC 2026
